This is pdfTeX, Version 3.14159265-2.6-1.40.20 (TeX Live 2019/Debian) (preloaded format=latex 2020.8.16)  16 AUG 2020 15:15
entering extended mode
 restricted \write18 enabled.
 %&-line parsing enabled.
**declpkg.dtx
(./declpkg.dtx
LaTeX2e <2020-02-02> patch level 2
L3 programming layer <2020-02-14>
(/usr/share/texlive/texmf-dist/tex/latex/l3kernel/l3docstrip.tex
(/usr/share/texlive/texmf-dist/tex/latex/base/docstrip.tex
\blockLevel=\count167
\emptyLines=\count168
\processedLines=\count169
\commentsRemoved=\count170
\commentsPassed=\count171
\codeLinesPassed=\count172
\TotalprocessedLines=\count173
\TotalcommentsRemoved=\count174
\TotalcommentsPassed=\count175
\TotalcodeLinesPassed=\count176
\NumberOfFiles=\count177
\inFile=\read2
\inputcheck=\read3
\off@0=\count178
\off@1=\count179
\off@2=\count180
\off@3=\count181
\off@4=\count182
\off@5=\count183
\off@6=\count184
\off@7=\count185
\off@8=\count186
\off@9=\count187
\off@10=\count188
\off@11=\count189
\off@12=\count190
\off@13=\count191
\off@14=\count192
\off@15=\count193
\@maxfiles=\count194
\@maxoutfiles=\count195

Utility: `docstrip' 2.5g <2018/05/03>
English documentation    <2018/05/03>

**********************************************************
* This program converts documented macro-files into fast *
* loadable files by stripping off (nearly) all comments! *
**********************************************************

********************************************************
* No Configuration file found, using default settings. *
********************************************************

))

Generating file(s) ./declpkg.sty 
\openout0 = `./declpkg.sty'.


Processing file declpkg.dtx (package) -> declpkg.sty
Lines  processed: 1045
Comments removed: 362
Comments  passed: 0
Codelines passed: 0


Generating file(s) ./declpkg.ins 
\openout0 = `./declpkg.ins'.


Processing file declpkg.dtx (install) -> declpkg.ins
Lines  processed: 1045
Comments removed: 362
Comments  passed: 0
Codelines passed: 0


Generating file(s) ./README.md 
\openout0 = `./README.md'.


Processing file declpkg.dtx (readme) -> README.md
Lines  processed: 1045
Comments removed: 362
Comments  passed: 0
Codelines passed: 0

(/usr/share/texlive/texmf-dist/tex/latex/l3kernel/l3doc.cls
(/usr/share/texlive/texmf-dist/tex/latex/l3kernel/expl3.sty
Package: expl3 2020-02-14 L3 programming layer (loader) 

(/usr/share/texlive/texmf-dist/tex/latex/l3backend/l3backend-dvips.def
File: l3backend-dvips.def 2020-02-03 L3 backend support: dvips
\l__pdf_internal_box=\box45
\g__pdf_backend_object_int=\count196
\l__pdf_backend_content_box=\box46
\l__pdf_backend_model_box=\box47
\g__pdf_backend_annotation_int=\count197
\g__pdf_backend_link_int=\count198
\g__pdf_backend_link_sf_int=\count199
))
(/usr/share/texlive/texmf-dist/tex/latex/l3packages/xparse/xparse.sty
Package: xparse 2020-02-14 L3 Experimental document command parser
\l__xparse_current_arg_int=\count266
\g__xparse_grabber_int=\count267
\l__xparse_m_args_int=\count268
\l__xparse_v_nesting_int=\count269
)
(/usr/share/texlive/texmf-dist/tex/latex/tools/calc.sty
Package: calc 2017/05/25 v4.3 Infix arithmetic (KKT,FJ)
\calc@Acount=\count270
\calc@Bcount=\count271
\calc@Adimen=\dimen134
\calc@Bdimen=\dimen135
\calc@Askip=\skip47
\calc@Bskip=\skip48
LaTeX Info: Redefining \setlength on input line 80.
LaTeX Info: Redefining \addtolength on input line 81.
\calc@Ccount=\count272
\calc@Cskip=\skip49
)
Document Class: l3doc 2018-04-30 L3 Experimental documentation class
\l__codedoc_output_coffin=\box48
\l__codedoc_functions_coffin=\box49
\l__codedoc_descr_coffin=\box50
\l__codedoc_syntax_coffin=\box51
\g__codedoc_syntax_box=\box52
\l__codedoc_trial_width_dim=\dimen136
\l__codedoc_nested_macro_int=\count273
\l__codedoc_tmpa_int=\count274
\l__codedoc_tmpa_seq=\count275
\l__codedoc_macro_box=\box53
\l__codedoc_macro_index_box=\box54
\l__codedoc_macro_int=\count276
(/usr/share/texlive/texmf-dist/tex/latex/base/article.cls
Document Class: article 2019/12/20 v1.4l Standard LaTeX document class
(/usr/share/texlive/texmf-dist/tex/latex/base/size10.clo
File: size10.clo 2019/12/20 v1.4l Standard LaTeX file (size option)
)
\c@part=\count277
\c@section=\count278
\c@subsection=\count279
\c@subsubsection=\count280
\c@paragraph=\count281
\c@subparagraph=\count282
\c@figure=\count283
\c@table=\count284
\abovecaptionskip=\skip50
\belowcaptionskip=\skip51
\bibindent=\dimen137
)
(/usr/share/texlive/texmf-dist/tex/latex/base/doc.sty
Package: doc 2019/12/16 v2.1l Standard LaTeX documentation package (FMi)
\c@StandardModuleDepth=\count285
\guard@level=\count286
\MacrocodeTopsep=\skip52
\MacroIndent=\dimen138
\macro@cnt=\count287
\MacroTopsep=\skip53
\index@excludelist=\toks14

(/usr/share/texlive/texmf-dist/tex/latex/tools/multicol.sty
Package: multicol 2019/12/09 v1.8y multicolumn formatting (FMi)
\c@tracingmulticols=\count288
\mult@box=\box55
\multicol@leftmargin=\dimen139
\c@unbalance=\count289
\c@collectmore=\count290
\doublecol@number=\count291
\multicoltolerance=\count292
\multicolpretolerance=\count293
\full@width=\dimen140
\page@free=\dimen141
\premulticols=\dimen142
\postmulticols=\dimen143
\multicolsep=\skip54
\multicolbaselineskip=\skip55
\partial@page=\box56
\last@line=\box57
\maxbalancingoverflow=\dimen144
\mult@rightbox=\box58
\mult@grightbox=\box59
\mult@gfirstbox=\box60
\mult@firstbox=\box61
\@tempa=\box62
\@tempa=\box63
\@tempa=\box64
\@tempa=\box65
\@tempa=\box66
\@tempa=\box67
\@tempa=\box68
\@tempa=\box69
\@tempa=\box70
\@tempa=\box71
\@tempa=\box72
\@tempa=\box73
\@tempa=\box74
\@tempa=\box75
\@tempa=\box76
\@tempa=\box77
\@tempa=\box78
\@tempa=\box79
\@tempa=\box80
\@tempa=\box81
\@tempa=\box82
\@tempa=\box83
\@tempa=\box84
\@tempa=\box85
\@tempa=\box86
\@tempa=\box87
\@tempa=\box88
\@tempa=\box89
\@tempa=\box90
\@tempa=\box91
\@tempa=\box92
\@tempa=\box93
\@tempa=\box94
\@tempa=\box95
\@tempa=\box96
\@tempa=\box97
\@tempa=\box98
\c@minrows=\count294
\c@columnbadness=\count295
\c@finalcolumnbadness=\count296
\last@try=\dimen145
\multicolovershoot=\dimen146
\multicolundershoot=\dimen147
\mult@nat@firstbox=\box99
\colbreak@box=\box100
\mc@col@check@num=\count297
)
\IndexMin=\dimen148
\c@IndexColumns=\count298
\GlossaryMin=\dimen149
\c@GlossaryColumns=\count299
\check@sum=\count300
\bslash@cnt=\count301
\wrong@table=\toks15
\c@CodelineNo=\count302
)
(/usr/share/texlive/texmf-dist/tex/latex/tools/array.sty
Package: array 2019/08/31 v2.4l Tabular extension package (FMi)
\col@sep=\dimen150
\ar@mcellbox=\box101
\extrarowheight=\dimen151
\NC@list=\toks16
\extratabsurround=\skip56
\backup@length=\skip57
\ar@cellbox=\box102
)
(/usr/share/texlive/texmf-dist/tex/generic/alphalph/alphalph.sty
Package: alphalph 2019/12/09 v2.6 Convert numbers to letters (HO)

(/usr/share/texlive/texmf-dist/tex/generic/infwarerr/infwarerr.sty
Package: infwarerr 2019/12/03 v1.5 Providing info/warning/error messages (HO)
)
(/usr/share/texlive/texmf-dist/tex/generic/intcalc/intcalc.sty
Package: intcalc 2019/12/15 v1.3 Expandable calculations with integers (HO)
))
(/usr/share/texlive/texmf-dist/tex/latex/amsmath/amsmath.sty
Package: amsmath 2020/01/20 v2.17e AMS math features
\@mathmargin=\skip58

For additional information on amsmath, use the `?' option.
(/usr/share/texlive/texmf-dist/tex/latex/amsmath/amstext.sty
Package: amstext 2000/06/29 v2.01 AMS text

(/usr/share/texlive/texmf-dist/tex/latex/amsmath/amsgen.sty
File: amsgen.sty 1999/11/30 v2.0 generic functions
\@emptytoks=\toks17
\ex@=\dimen152
))
(/usr/share/texlive/texmf-dist/tex/latex/amsmath/amsbsy.sty
Package: amsbsy 1999/11/29 v1.2d Bold Symbols
\pmbraise@=\dimen153
)
(/usr/share/texlive/texmf-dist/tex/latex/amsmath/amsopn.sty
Package: amsopn 2016/03/08 v2.02 operator names
)
\inf@bad=\count303
LaTeX Info: Redefining \frac on input line 227.
\uproot@=\count304
\leftroot@=\count305
LaTeX Info: Redefining \overline on input line 389.
\classnum@=\count306
\DOTSCASE@=\count307
LaTeX Info: Redefining \ldots on input line 486.
LaTeX Info: Redefining \dots on input line 489.
LaTeX Info: Redefining \cdots on input line 610.
\Mathstrutbox@=\box103
\strutbox@=\box104
\big@size=\dimen154
LaTeX Font Info:    Redeclaring font encoding OML on input line 733.
LaTeX Font Info:    Redeclaring font encoding OMS on input line 734.
\macc@depth=\count308
\c@MaxMatrixCols=\count309
\dotsspace@=\muskip16
\c@parentequation=\count310
\dspbrk@lvl=\count311
\tag@help=\toks18
\row@=\count312
\column@=\count313
\maxfields@=\count314
\andhelp@=\toks19
\eqnshift@=\dimen155
\alignsep@=\dimen156
\tagshift@=\dimen157
\tagwidth@=\dimen158
\totwidth@=\dimen159
\lineht@=\dimen160
\@envbody=\toks20
\multlinegap=\skip59
\multlinetaggap=\skip60
\mathdisplay@stack=\toks21
LaTeX Info: Redefining \[ on input line 2859.
LaTeX Info: Redefining \] on input line 2860.
)
(/usr/share/texlive/texmf-dist/tex/latex/amsfonts/amssymb.sty
Package: amssymb 2013/01/14 v3.01 AMS font symbols

(/usr/share/texlive/texmf-dist/tex/latex/amsfonts/amsfonts.sty
Package: amsfonts 2013/01/14 v3.01 Basic AMSFonts support
\symAMSa=\mathgroup4
\symAMSb=\mathgroup5
LaTeX Font Info:    Redeclaring math symbol \hbar on input line 98.
LaTeX Font Info:    Overwriting math alphabet `\mathfrak' in version `bold'
(Font)                  U/euf/m/n --> U/euf/b/n on input line 106.
))
(/usr/share/texlive/texmf-dist/tex/latex/booktabs/booktabs.sty
Package: booktabs 2020/01/12 v1.61803398 Publication quality tables
\heavyrulewidth=\dimen161
\lightrulewidth=\dimen162
\cmidrulewidth=\dimen163
\belowrulesep=\dimen164
\belowbottomsep=\dimen165
\aboverulesep=\dimen166
\abovetopsep=\dimen167
\cmidrulesep=\dimen168
\cmidrulekern=\dimen169
\defaultaddspace=\dimen170
\@cmidla=\count315
\@cmidlb=\count316
\@aboverulesep=\dimen171
\@belowrulesep=\dimen172
\@thisruleclass=\count317
\@lastruleclass=\count318
\@thisrulewidth=\dimen173
)
(/usr/share/texlive/texmf-dist/tex/latex/graphics/color.sty
Package: color 2019/11/23 v1.2a Standard LaTeX Color (DPC)

(/usr/share/texlive/texmf-dist/tex/latex/graphics-cfg/color.cfg
File: color.cfg 2016/01/02 v1.6 sample color configuration
)
Package color Info: Driver file: dvips.def on input line 147.

(/usr/share/texlive/texmf-dist/tex/latex/graphics-def/dvips.def
File: dvips.def 2017/06/20 v3.1d Graphics/color driver for dvips
)
(/usr/share/texlive/texmf-dist/tex/latex/graphics/dvipsnam.def
File: dvipsnam.def 2016/06/17 v3.0m Driver-dependent file (DPC,SPQR)
))
(/usr/share/texlive/texmf-dist/tex/latex/colortbl/colortbl.sty
Package: colortbl 2020/01/04 v1.0e Color table columns (DPC)
\everycr=\toks22
\minrowclearance=\skip61
)
(/usr/share/texlive/texmf-dist/tex/generic/hologo/hologo.sty
Package: hologo 2019/12/05 v1.14 A logo collection with bookmark support (HO)

(/usr/share/texlive/texmf-dist/tex/generic/ltxcmds/ltxcmds.sty
Package: ltxcmds 2019/12/15 v1.24 LaTeX kernel commands for general use (HO)
)
(/usr/share/texlive/texmf-dist/tex/generic/kvsetkeys/kvsetkeys.sty
Package: kvsetkeys 2019/12/15 v1.18 Key value parser (HO)
)
(/usr/share/texlive/texmf-dist/tex/generic/kvdefinekeys/kvdefinekeys.sty
Package: kvdefinekeys 2019-12-19 v1.6 Define keys (HO)
)
(/usr/share/texlive/texmf-dist/tex/latex/pdftexcmds/pdftexcmds.sty
Package: pdftexcmds 2019/11/24 v0.31 Utility functions of pdfTeX for LuaTeX (HO
)

(/usr/share/texlive/texmf-dist/tex/generic/iftex/iftex.sty
Package: iftex 2019/11/07 v1.0c TeX engine tests
)
Package pdftexcmds Info: \pdf@primitive is available.
Package pdftexcmds Info: \pdf@ifprimitive is available.
Package pdftexcmds Info: \pdfdraftmode is ignored in DVI mode.
)
(/usr/share/texlive/texmf-dist/tex/latex/kvoptions/kvoptions.sty
Package: kvoptions 2019/11/29 v3.13 Key value format for package options (HO)

(/usr/share/texlive/texmf-dist/tex/latex/graphics/keyval.sty
Package: keyval 2014/10/28 v1.15 key=value parser (DPC)
\KV@toks@=\toks23
))
Package hologo Info: Using driver `dvips'.
)
(/usr/share/texlive/texmf-dist/tex/latex/enumitem/enumitem.sty
Package: enumitem 2019/06/20 v3.9 Customized lists
\labelindent=\skip62
\enit@outerparindent=\dimen174
\enit@toks=\toks24
\enit@inbox=\box105
\enit@count@id=\count319
\enitdp@description=\count320
)
(/usr/share/texlive/texmf-dist/tex/latex/psnfss/pifont.sty
Package: pifont 2005/04/12 PSNFSS-v9.2a Pi font support (SPQR) 
LaTeX Font Info:    Trying to load font information for U+pzd on input line 63.


(/usr/share/texlive/texmf-dist/tex/latex/psnfss/upzd.fd
File: upzd.fd 2001/06/04 font definitions for U/pzd.
)
LaTeX Font Info:    Trying to load font information for U+psy on input line 64.


(/usr/share/texlive/texmf-dist/tex/latex/psnfss/upsy.fd
File: upsy.fd 2001/06/04 font definitions for U/psy.
))
(/usr/share/texlive/texmf-dist/tex/latex/base/textcomp.sty
Package: textcomp 2020/02/02 v2.0n Standard LaTeX package
LaTeX Font Info:    Changing ? sub-encoding to TS1/0 on input line 75.
)
(/usr/share/texlive/texmf-dist/tex/latex/tools/trace.sty
Package: trace 2018/10/13 v1.1e trace LaTeX code
)
(/usr/share/texlive/texmf-dist/tex/latex/csquotes/csquotes.sty
Package: csquotes 2019-12-06 v5.2j context-sensitive quotations (JAW)

(/usr/share/texlive/texmf-dist/tex/latex/etoolbox/etoolbox.sty
Package: etoolbox 2019/09/21 v2.5h e-TeX tools for LaTeX (JAW)
\etb@tempcnta=\count321
)
\csq@reset=\count322
\csq@gtype=\count323
\csq@glevel=\count324
\csq@qlevel=\count325
\csq@maxlvl=\count326
\csq@tshold=\count327
\csq@ltx@everypar=\toks25

(/usr/share/texlive/texmf-dist/tex/latex/csquotes/csquotes.def
File: csquotes.def 2019-12-06 v5.2j csquotes generic definitions (JAW)
)
Package csquotes Info: Trying to load configuration file 'csquotes.cfg'...
Package csquotes Info: ... configuration file loaded successfully.

(/usr/share/texlive/texmf-dist/tex/latex/csquotes/csquotes.cfg
File: csquotes.cfg 
))
(/usr/share/texlive/texmf-dist/tex/latex/fancyvrb/fancyvrb.sty
Package: fancyvrb 2020/01/13 v3.5 verbatim text (tvz,hv)
\FV@CodeLineNo=\count328
\FV@InFile=\read4
\FV@TabBox=\box106
\c@FancyVerbLine=\count329
\FV@StepNumber=\count330
\FV@OutFile=\write3
)
(/usr/share/texlive/texmf-dist/tex/latex/underscore/underscore.sty
Package: underscore 2006/09/13
LaTeX Info: Redefining \_ on input line 42.
)
(/usr/share/texlive/texmf-dist/tex/latex/tools/verbatim.sty
Package: verbatim 2019/11/10 v1.5r LaTeX2e package for verbatim enhancements
\every@verbatim=\toks26
\verbatim@line=\toks27
\verbatim@in@stream=\read5
)
(/usr/share/texlive/texmf-dist/tex/latex/base/fontenc.sty
Package: fontenc 2020/02/11 v2.0o Standard LaTeX package
)
(/usr/share/texmf/tex/latex/lm/lmodern.sty
Package: lmodern 2009/10/30 v1.6 Latin Modern Fonts
LaTeX Font Info:    Overwriting symbol font `operators' in version `normal'
(Font)                  OT1/cmr/m/n --> OT1/lmr/m/n on input line 22.
LaTeX Font Info:    Overwriting symbol font `letters' in version `normal'
(Font)                  OML/cmm/m/it --> OML/lmm/m/it on input line 23.
LaTeX Font Info:    Overwriting symbol font `symbols' in version `normal'
(Font)                  OMS/cmsy/m/n --> OMS/lmsy/m/n on input line 24.
LaTeX Font Info:    Overwriting symbol font `largesymbols' in version `normal'
(Font)                  OMX/cmex/m/n --> OMX/lmex/m/n on input line 25.
LaTeX Font Info:    Overwriting symbol font `operators' in version `bold'
(Font)                  OT1/cmr/bx/n --> OT1/lmr/bx/n on input line 26.
LaTeX Font Info:    Overwriting symbol font `letters' in version `bold'
(Font)                  OML/cmm/b/it --> OML/lmm/b/it on input line 27.
LaTeX Font Info:    Overwriting symbol font `symbols' in version `bold'
(Font)                  OMS/cmsy/b/n --> OMS/lmsy/b/n on input line 28.
LaTeX Font Info:    Overwriting symbol font `largesymbols' in version `bold'
(Font)                  OMX/cmex/m/n --> OMX/lmex/m/n on input line 29.
LaTeX Font Info:    Overwriting math alphabet `\mathbf' in version `normal'
(Font)                  OT1/cmr/bx/n --> OT1/lmr/bx/n on input line 31.
LaTeX Font Info:    Overwriting math alphabet `\mathsf' in version `normal'
(Font)                  OT1/cmss/m/n --> OT1/lmss/m/n on input line 32.
LaTeX Font Info:    Overwriting math alphabet `\mathit' in version `normal'
(Font)                  OT1/cmr/m/it --> OT1/lmr/m/it on input line 33.
LaTeX Font Info:    Overwriting math alphabet `\mathtt' in version `normal'
(Font)                  OT1/cmtt/m/n --> OT1/lmtt/m/n on input line 34.
LaTeX Font Info:    Overwriting math alphabet `\mathbf' in version `bold'
(Font)                  OT1/cmr/bx/n --> OT1/lmr/bx/n on input line 35.
LaTeX Font Info:    Overwriting math alphabet `\mathsf' in version `bold'
(Font)                  OT1/cmss/bx/n --> OT1/lmss/bx/n on input line 36.
LaTeX Font Info:    Overwriting math alphabet `\mathit' in version `bold'
(Font)                  OT1/cmr/bx/it --> OT1/lmr/bx/it on input line 37.
LaTeX Font Info:    Overwriting math alphabet `\mathtt' in version `bold'
(Font)                  OT1/cmtt/m/n --> OT1/lmtt/m/n on input line 38.
)
LaTeX Font Info:    Trying to load font information for T1+lmtt on input line 4
79.

(/usr/share/texmf/tex/latex/lm/t1lmtt.fd
File: t1lmtt.fd 2009/10/30 v1.6 Font defs for Latin Modern
)
(/usr/share/texlive/texmf-dist/tex/latex/oberdiek/hypdoc.sty
Package: hypdoc 2018/09/07 v1.14 Hyper extensions for doc.sty (HO)

(/usr/share/texlive/texmf-dist/tex/latex/atveryend/atveryend.sty
Package: atveryend 2019-12-11 v1.11 Hooks at the very end of document (HO)
)
(/usr/share/texlive/texmf-dist/tex/latex/hyperref/hyperref.sty
Package: hyperref 2020/01/14 v7.00d Hypertext links for LaTeX

(/usr/share/texlive/texmf-dist/tex/generic/pdfescape/pdfescape.sty
Package: pdfescape 2019/12/09 v1.15 Implements pdfTeX's escape features (HO)
)
(/usr/share/texlive/texmf-dist/tex/latex/hycolor/hycolor.sty
Package: hycolor 2020-01-27 v1.10 Color options for hyperref/bookmark (HO)
)
(/usr/share/texlive/texmf-dist/tex/latex/letltxmacro/letltxmacro.sty
Package: letltxmacro 2019/12/03 v1.6 Let assignment for LaTeX macros (HO)
)
(/usr/share/texlive/texmf-dist/tex/latex/auxhook/auxhook.sty
Package: auxhook 2019-12-17 v1.6 Hooks for auxiliary files (HO)
)
\@linkdim=\dimen175
\Hy@linkcounter=\count331
\Hy@pagecounter=\count332

(/usr/share/texlive/texmf-dist/tex/latex/hyperref/pd1enc.def
File: pd1enc.def 2020/01/14 v7.00d Hyperref: PDFDocEncoding definition (HO)
Now handling font encoding PD1 ...
... no UTF-8 mapping file for font encoding PD1
)
(/usr/share/texlive/texmf-dist/tex/generic/etexcmds/etexcmds.sty
Package: etexcmds 2019/12/15 v1.7 Avoid name clashes with e-TeX commands (HO)
)
\Hy@SavedSpaceFactor=\count333
\pdfmajorversion=\count334
Package hyperref Info: Option `hyperindex' set `false' on input line 4421.
Package hyperref Info: Option `pdfusetitle' set `true' on input line 4421.
Package hyperref Info: Option `colorlinks' set `true' on input line 4421.
Package hyperref Info: Option `pdfpagelabels' set `true' on input line 4421.
Package hyperref Info: Hyper figures OFF on input line 4547.
Package hyperref Info: Link nesting OFF on input line 4552.
Package hyperref Info: Hyper index OFF on input line 4557.
Package hyperref Info: Plain pages OFF on input line 4562.
Package hyperref Info: Backreferencing OFF on input line 4567.
Package hyperref Info: Implicit mode ON; LaTeX internals redefined.
Package hyperref Info: Bookmarks ON on input line 4800.
\c@Hy@tempcnt=\count335

(/usr/share/texlive/texmf-dist/tex/latex/url/url.sty
\Urlmuskip=\muskip17
Package: url 2013/09/16  ver 3.4  Verb mode for urls, etc.
)
LaTeX Info: Redefining \url on input line 5159.
\XeTeXLinkMargin=\dimen176

(/usr/share/texlive/texmf-dist/tex/generic/bitset/bitset.sty
Package: bitset 2019/12/09 v1.3 Handle bit-vector datatype (HO)

(/usr/share/texlive/texmf-dist/tex/generic/bigintcalc/bigintcalc.sty
Package: bigintcalc 2019/12/15 v1.5 Expandable calculations on big integers (HO
)
))
\Fld@menulength=\count336
\Field@Width=\dimen177
\Fld@charsize=\dimen178
Package hyperref Info: Hyper figures OFF on input line 6430.
Package hyperref Info: Link nesting OFF on input line 6435.
Package hyperref Info: Hyper index OFF on input line 6440.
Package hyperref Info: backreferencing OFF on input line 6445.
Package hyperref Info: Link coloring ON on input line 6448.
Package hyperref Info: Link coloring with OCG OFF on input line 6455.
Package hyperref Info: PDF/A mode OFF on input line 6460.
LaTeX Info: Redefining \ref on input line 6500.
LaTeX Info: Redefining \pageref on input line 6504.

(/usr/share/texlive/texmf-dist/tex/generic/atbegshi/atbegshi.sty
Package: atbegshi 2019/12/05 v1.19 At begin shipout hook (HO)
)
\Hy@abspage=\count337
\c@Item=\count338
\c@Hfootnote=\count339
)
Package hyperref Info: Driver (default): hdvips.

(/usr/share/texlive/texmf-dist/tex/latex/hyperref/hdvips.def
File: hdvips.def 2020/01/14 v7.00d Hyperref driver for dvips

(/usr/share/texlive/texmf-dist/tex/latex/hyperref/pdfmark.def
File: pdfmark.def 2020/01/14 v7.00d Hyperref definitions for pdfmark specials
\pdf@docset=\toks28
\pdf@box=\box107
\pdf@toks=\toks29
\pdf@defaulttoks=\toks30
\HyField@AnnotCount=\count340
\Fld@listcount=\count341
\c@bookmark@seq@number=\count342

(/usr/share/texlive/texmf-dist/tex/latex/rerunfilecheck/rerunfilecheck.sty
Package: rerunfilecheck 2019/12/05 v1.9 Rerun checks for auxiliary files (HO)

(/usr/share/texlive/texmf-dist/tex/generic/uniquecounter/uniquecounter.sty
Package: uniquecounter 2019/12/15 v1.4 Provide unlimited unique counter (HO)
)
Package uniquecounter Info: New unique counter `rerunfilecheck' on input line 2
86.
)
\Hy@SectionHShift=\skip63
))
Package hyperref Info: Option `plainpages' set `false' on input line 64.
Package hyperref Info: Option `bookmarksopen' set `true' on input line 64.
Package hyperref Info: Option `bookmarksnumbered' set `true' on input line 64.
\c@HD@unique=\count343
\c@HD@hypercount=\count344
\HD@helplength=\skip64
)
\l__codedoc_syntax_dim=\dimen179
\@glossaryfile=\write4
\openout4 = `declpkg.glo'.

Writing glossary file declpkg.glo 
\@indexfile=\write5
\openout5 = `declpkg.idx'.

Writing index file declpkg.idx
) (./declpkg.sty
Package: declpkg 2020-05-10 v1.1 Including packages with dependencies
\g__declpkg_lambda_counter_int=\count345
)
(/usr/share/texlive/texmf-dist/tex/latex/listings/listings.sty
\lst@mode=\count346
\lst@gtempboxa=\box108
\lst@token=\toks31
\lst@length=\count347
\lst@currlwidth=\dimen180
\lst@column=\count348
\lst@pos=\count349
\lst@lostspace=\dimen181
\lst@width=\dimen182
\lst@newlines=\count350
\lst@lineno=\count351
\lst@maxwidth=\dimen183

(/usr/share/texlive/texmf-dist/tex/latex/listings/lstmisc.sty
File: lstmisc.sty 2019/09/10 1.8c (Carsten Heinz)
\c@lstnumber=\count352
\lst@skipnumbers=\count353
\lst@framebox=\box109
)
(/usr/share/texlive/texmf-dist/tex/latex/listings/listings.cfg
File: listings.cfg 2019/09/10 1.8c listings configuration
))
Package: listings 2019/09/10 1.8c (Carsten Heinz)
Package csquotes Info: Checking for multilingual support...
Package csquotes Info: ... none found.

No file declpkg.aux.
\openout1 = `declpkg.aux'.

LaTeX Font Info:    Checking defaults for OML/cmm/m/it on input line 67.
LaTeX Font Info:    ... okay on input line 67.
LaTeX Font Info:    Checking defaults for OMS/cmsy/m/n on input line 67.
LaTeX Font Info:    ... okay on input line 67.
LaTeX Font Info:    Checking defaults for OT1/cmr/m/n on input line 67.
LaTeX Font Info:    ... okay on input line 67.
LaTeX Font Info:    Checking defaults for T1/cmr/m/n on input line 67.
LaTeX Font Info:    ... okay on input line 67.
LaTeX Font Info:    Checking defaults for TS1/cmr/m/n on input line 67.
LaTeX Font Info:    ... okay on input line 67.
LaTeX Font Info:    Checking defaults for OMX/cmex/m/n on input line 67.
LaTeX Font Info:    ... okay on input line 67.
LaTeX Font Info:    Checking defaults for U/cmr/m/n on input line 67.
LaTeX Font Info:    ... okay on input line 67.
LaTeX Font Info:    Checking defaults for PD1/pdf/m/n on input line 67.
LaTeX Font Info:    ... okay on input line 67.
LaTeX Font Info:    Trying to load font information for T1+lmr on input line 67
.
(/usr/share/texmf/tex/latex/lm/t1lmr.fd
File: t1lmr.fd 2009/10/30 v1.6 Font defs for Latin Modern
)
\AtBeginShipoutBox=\box110
Package hyperref Info: Link coloring ON on input line 67.

(/usr/share/texlive/texmf-dist/tex/latex/hyperref/nameref.sty
Package: nameref 2019/09/16 v2.46 Cross-referencing by name of section

(/usr/share/texlive/texmf-dist/tex/latex/refcount/refcount.sty
Package: refcount 2019/12/15 v3.6 Data extraction from label references (HO)
)
(/usr/share/texlive/texmf-dist/tex/generic/gettitlestring/gettitlestring.sty
Package: gettitlestring 2019/12/15 v1.6 Cleanup title references (HO)
)
\c@section@level=\count354
)
LaTeX Info: Redefining \ref on input line 67.
LaTeX Info: Redefining \pageref on input line 67.
LaTeX Info: Redefining \nameref on input line 67.
\@outlinefile=\write6
\openout6 = `declpkg.out'.



Package hyperref Warning: Rerun to get /PageLabels entry.

\HD@savedest@out=\write7
\openout7 = `declpkg.hd'.

Package doc Info: Made " a short reference for \verb on input line 67.
Package doc Info: Made | a short reference for \verb on input line 67.
\c@lstlisting=\count355
(./declpkg.dtx
LaTeX Font Info:    Trying to load font information for T1+lmss on input line 9
0.
 (/usr/share/texmf/tex/latex/lm/t1lmss.fd
File: t1lmss.fd 2009/10/30 v1.6 Font defs for Latin Modern
)
LaTeX Font Info:    Trying to load font information for OT1+lmr on input line 9
0.

(/usr/share/texmf/tex/latex/lm/ot1lmr.fd
File: ot1lmr.fd 2009/10/30 v1.6 Font defs for Latin Modern
)
LaTeX Font Info:    Trying to load font information for OML+lmm on input line 9
0.

(/usr/share/texmf/tex/latex/lm/omllmm.fd
File: omllmm.fd 2009/10/30 v1.6 Font defs for Latin Modern
)
LaTeX Font Info:    Trying to load font information for OMS+lmsy on input line 
90.

(/usr/share/texmf/tex/latex/lm/omslmsy.fd
File: omslmsy.fd 2009/10/30 v1.6 Font defs for Latin Modern
)
LaTeX Font Info:    Trying to load font information for OMX+lmex on input line 
90.

(/usr/share/texmf/tex/latex/lm/omxlmex.fd
File: omxlmex.fd 2009/10/30 v1.6 Font defs for Latin Modern
)
LaTeX Font Info:    External font `lmex10' loaded for size
(Font)              <17.28> on input line 90.
LaTeX Font Info:    External font `lmex10' loaded for size
(Font)              <12> on input line 90.
LaTeX Font Info:    External font `lmex10' loaded for size
(Font)              <10> on input line 90.
LaTeX Font Info:    Trying to load font information for U+msa on input line 90.


(/usr/share/texlive/texmf-dist/tex/latex/amsfonts/umsa.fd
File: umsa.fd 2013/01/14 v3.01 AMS symbols A
)
LaTeX Font Info:    Trying to load font information for U+msb on input line 90.


(/usr/share/texlive/texmf-dist/tex/latex/amsfonts/umsb.fd
File: umsb.fd 2013/01/14 v3.01 AMS symbols B
)
LaTeX Font Info:    External font `lmex10' loaded for size
(Font)              <8> on input line 90.
LaTeX Font Info:    External font `lmex10' loaded for size
(Font)              <6> on input line 90.
LaTeX Font Info:    External font `lmex10' loaded for size
(Font)              <5> on input line 90.
\tf@toc=\write8
\openout8 = `declpkg.toc'.

 [1

]
LaTeX Font Info:    External font `lmex10' loaded for size
(Font)              <7> on input line 110.
LaTeX Font Info:    External font `lmex10' loaded for size
(Font)              <9> on input line 120.

Overfull \hbox (10.9012pt too wide) in paragraph at lines 160--162
[]\T1/lmtt/m/n/10 \AfterAny[] \T1/lmr/m/n/10 and \T1/lmtt/m/n/10 \BeforeAny[] \
T1/lmr/m/n/10 hook some \T1/lmtt/m/n/10 {$\OMS/lmsy/m/n/10 h$[]\T1/lmr/m/it/10 
code$\OMS/lmsy/m/n/10 i$[]\T1/lmtt/m/n/10 } \T1/lmr/m/n/10 to run af-ter/be-for
e one of \T1/lmtt/m/n/10 {$\OMS/lmsy/m/n/10 h$[]\T1/lmr/m/it/10 packages$\OMS/l
msy/m/n/10 i$[]\T1/lmtt/m/n/10 }
 []

[2

]
LaTeX Font Info:    Trying to load font information for OT1+lmss on input line 
184.
 (/usr/share/texmf/tex/latex/lm/ot1lmss.fd
File: ot1lmss.fd 2009/10/30 v1.6 Font defs for Latin Modern
)
Overfull \hbox (22.56595pt too wide) in paragraph at lines 194--194
 [][]\T1/lmtt/m/n/9 \ProvidesExplPackage{declpkg}{2020-05-10}{1.1}{Including pa
ckages with dependencies} 
 []

[3

]
Overfull \hbox (41.46591pt too wide) in paragraph at lines 315--315
 [][]\T1/lmtt/m/n/9 \cs_generate_variant:Nn \__declpkg_seq_ginsert:Nn { NV, Nv,
 No, Nx, cn, cV, cv, co, cx } 
 []

[4] [5] [6] [7] [8]
Overfull \hbox (3.66599pt too wide) in paragraph at lines 600--600
 [][]    \T1/lmtt/m/n/9 \__declpkg_seq_ginsert:cV { g__declpkg_ #1 _not_load_re
ason_seq } \l_tmpa_tl 
 []


Overfull \hbox (55.64088pt too wide) in paragraph at lines 600--600
 [][]  \T1/lmtt/m/n/9 \seq_concat:NNN \l_tmpa_seq \g__declpkg_should_load_seq \
g__declpkg_should_load_queue_seq 
 []


Overfull \hbox (83.99083pt too wide) in paragraph at lines 632--632
 [][]\T1/lmtt/m/n/9 \cs_generate_variant:Nn \__declpkg_add_pre_hook:nn { nV, nv
, nx, Vn, VV, Vv, Vx, vn, vV, vv, vx } 
 []

[9]
Overfull \hbox (88.71582pt too wide) in paragraph at lines 632--632
 [][]\T1/lmtt/m/n/9 \cs_generate_variant:Nn \__declpkg_add_post_hook:nn { nV, n
v, nx, Vn, VV, Vv, Vx, vn, vV, vv, vx } 
 []


Overfull \hbox (36.74092pt too wide) in paragraph at lines 706--706
 [][]      \T1/lmtt/m/n/9 \__declpkg_seq_ginsert:cn { g__declpkg_ #1 _preorder_
graph_children_seq } { ##1 } 
 []


Overfull \hbox (36.74092pt too wide) in paragraph at lines 706--706
 [][]      \T1/lmtt/m/n/9 \__declpkg_seq_ginsert:cn { g__declpkg_ ##1 _preorder
_graph_children_seq } { #1 } 
 []

[10] [11]
Overfull \hbox (8.39098pt too wide) in paragraph at lines 793--793
 [][]  \T1/lmtt/m/n/9 \tl_gset:Nn \g__declpkg_tmpa_tl { g__declpkg_ #1 _preorde
r_graph_children_seq } 
 []

[12] [13] [14]

LaTeX Warning: Reference `doc/function//declpkg' on page 15 undefined on input 
line 924.


LaTeX Warning: Reference `doc/function//IncludePackages' on page 15 undefined o
n input line 931.


LaTeX Warning: Reference `doc/function//AddOptionsToPackage' on page 15 undefin
ed on input line 958.

[15]
Overfull \hbox (197.39061pt too wide) in paragraph at lines 994--994
 [][]    \T1/lmtt/m/n/9 \__declpkg_lambda:x { \__declpkg_add_post_hook:nn { \tl
_use:N \l_tmpb_tl } { \tl_use:N \g__declpkg_last_lambda_tl } } 
 []


Overfull \hbox (192.66562pt too wide) in paragraph at lines 994--994
 [][]    \T1/lmtt/m/n/9 \__declpkg_lambda:x { \__declpkg_add_pre_hook:nn { \tl_
use:N \l_tmpb_tl } { \tl_use:N \g__declpkg_last_lambda_tl } } 
 []


LaTeX Warning: Reference `doc/function//AfterAll' on page 16 undefined on input
 line 995.

[16]

LaTeX Warning: Reference `doc/function//AfterAny' on page 17 undefined on input
 line 1038.

[17]
No file declpkg.gls.
No file declpkg.ind.
)
Package doc Info: Deleted " as a short reference for \verb(*) on input line 69.

Package doc Info: Deleted | as a short reference for \verb(*) on input line 69.


Package l3doc Info: Generate the change list by executing
(l3doc)                 makeindex -s gglo.ist -o declpkg.gls declpkg.glo


Package l3doc Info: Generate the index by executing
(l3doc)                 makeindex -s gind.ist -o declpkg.ind declpkg.idx

Package atveryend Info: Empty hook `BeforeClearDocument' on input line 69.
Package atveryend Info: Executing hook `AfterLastShipout' on input line 69.
 (./declpkg.aux)
Package atveryend Info: Empty hook `AtVeryEndDocument' on input line 69.
Package atveryend Info: Executing hook `AtEndAfterFileList' on input line 69.


Package rerunfilecheck Warning: File `declpkg.out' has changed.
(rerunfilecheck)                Rerun to get outlines right
(rerunfilecheck)                or use package `bookmark'.

Package rerunfilecheck Info: Checksums for `declpkg.out':
(rerunfilecheck)             Before: <no file>
(rerunfilecheck)             After:  4D344123F30A36827F1F284E7C08A8D1;694.

Package rerunfilecheck Warning: File `declpkg.hd' has changed. Rerun.

Package rerunfilecheck Info: Checksums for `declpkg.hd':
(rerunfilecheck)             Before: <no file>
(rerunfilecheck)             After:  D41D8CD98F00B204E9800998ECF8427E;0.

LaTeX Warning: There were undefined references.


LaTeX Warning: Label(s) may have changed. Rerun to get cross-references right.

 ) 
Here is how much of TeX's memory you used:
 12485 strings out of 483184
 190268 string characters out of 5966318
 482589 words of memory out of 5000000
 27234 multiletter control sequences out of 15000+600000
 641120 words of font info for 101 fonts, out of 8000000 for 9000
 14 hyphenation exceptions out of 8191
 52i,13n,46p,830b,794s stack positions out of 5000i,500n,10000p,200000b,80000s

Output written on declpkg.dvi (17 pages, 78692 bytes).
